<?xml version="1.0" encoding="UTF-8"?>
<!-- Generated by org.testng.reporters.JUnitReportReporter -->
<testsuite hostname="DESKTOP-P1M0EHD" failures="0" tests="1" name="com.nopcommerce.testCases.TC_LoginTest_001" time="12.488" errors="0" timestamp="2022-09-05T10:48:23 AZT" skipped="0">
  <testcase classname="com.nopcommerce.testCases.TC_LoginTest_001" name="loginTest" time="12.488"/>
  <system-out/>
</testsuite> <!-- com.nopcommerce.testCases.TC_LoginTest_001 -->
